<?xml version="1.0" encoding="UTF-8"?>
<!-- Generated by org.testng.reporters.JUnitReportReporter -->
<testsuite ignored="0" hostname="PE-IT001550" failures="0" tests="1" name="testSel.testSel" time="3.795" errors="0" timestamp="29 Oct 2022 15:57:47 GMT" skipped="0">
  <testcase classname="testSel.testSel" name="f" time="3.795"/>
</testsuite> <!-- testSel.testSel -->
